<?xml version="1.0" encoding="UTF-8"?>
<testng-results ignored="0" total="1" passed="1" failed="0" skipped="0">
  <reporter-output>
  </reporter-output>
  <suite started-at="2022-05-17T20:56:17 IST" name="Default suite" finished-at="2022-05-17T20:56:17 IST" duration-ms="42">
    <groups>
    </groups>
    <test started-at="2022-05-17T20:56:17 IST" name="Default test" finished-at="2022-05-17T20:56:17 IST" duration-ms="42">
      <class name="examofjava.Array">
        <test-method is-config="true" signature="beforeclass()[pri:0, instance:examofjava.Array@3c22fc4c]" started-at="2022-05-17T20:56:17 IST" name="beforeclass" finished-at="2022-05-17T20:56:17 IST" duration-ms="6" status="PASS">
          <reporter-output>
          </reporter-output>
        </test-method> <!-- beforeclass -->
        <test-method is-config="true" signature="beforemethod()[pri:0, instance:examofjava.Array@3c22fc4c]" started-at="2022-05-17T20:56:17 IST" name="beforemethod" finished-at="2022-05-17T20:56:17 IST" duration-ms="1" status="PASS">
          <reporter-output>
          </reporter-output>
        </test-method> <!-- beforemethod -->
        <test-method signature="test()[pri:0, instance:examofjava.Array@3c22fc4c]" started-at="2022-05-17T20:56:17 IST" name="test" finished-at="2022-05-17T20:56:17 IST" duration-ms="5" status="PASS">
          <reporter-output>
          </reporter-output>
        </test-method> <!-- test -->
        <test-method is-config="true" signature="aftermethod()[pri:0, instance:examofjava.Array@3c22fc4c]" started-at="2022-05-17T20:56:17 IST" name="aftermethod" finished-at="2022-05-17T20:56:17 IST" duration-ms="0" status="PASS">
          <reporter-output>
          </reporter-output>
        </test-method> <!-- aftermethod -->
      </class> <!-- examofjava.Array -->
    </test> <!-- Default test -->
  </suite> <!-- Default suite -->
</testng-results>
